<?xml version="1.0" encoding="UTF-8"?>
<!-- Generated by org.testng.reporters.JUnitReportReporter -->
<testsuite hostname="DESKTOP-EER3MNQ" failures="0" tests="9" name="TestCases" time="27.618" errors="0" timestamp="2021-02-16T02:13:01 ART" skipped="4">
  <testcase classname="TestCases" name="validateHomeScreen" time="3.592"/>
  <system-out/>
  <testcase classname="TestCases" name="logInHomeScreen" time="4.527"/>
  <system-out/>
  <testcase classname="TestCases" name="logOutHomeScreen" time="4.644"/>
  <system-out/>
  <testcase classname="TestCases" name="searchTest2" time="7.550"/>
  <system-out/>
  <testcase classname="TestCases" name="searchTest1" time="7.305"/>
  <system-out/>
  <testcase classname="TestCases" name="loginTestEmptyFields">
    <skipped/>
  </testcase> <!-- loginTestEmptyFields -->
  <system-out/>
  <testcase classname="TestCases" name="loginTestWrongPassword">
    <skipped/>
  </testcase> <!-- loginTestWrongPassword -->
  <system-out/>
  <testcase classname="TestCases" name="loginTestWrongEmail">
    <skipped/>
  </testcase> <!-- loginTestWrongEmail -->
  <system-out/>
  <testcase classname="TestCases" name="loginTestCorrectEmailAndPassword">
    <skipped/>
  </testcase> <!-- loginTestCorrectEmailAndPassword -->
  <system-out/>
</testsuite> <!-- TestCases -->
