<?xml version="1.0" encoding="UTF-8"?>
<!-- Generated by org.testng.reporters.JUnitReportReporter -->
<testsuite hostname="DESKTOP-EER3MNQ" failures="0" tests="5" name="TestCases" time="4.987" errors="0" timestamp="2021-02-15T22:37:12 ART" skipped="4">
  <testcase classname="TestCases" name="validateHomeScreen" time="4.987"/>
  <system-out/>
  <testcase classname="TestCases" name="loginTestEmptyFields">
    <skipped/>
  </testcase> <!-- loginTestEmptyFields -->
  <system-out/>
  <testcase classname="TestCases" name="loginTestWrongPassword">
    <skipped/>
  </testcase> <!-- loginTestWrongPassword -->
  <system-out/>
  <testcase classname="TestCases" name="loginTestWrongEmail">
    <skipped/>
  </testcase> <!-- loginTestWrongEmail -->
  <system-out/>
  <testcase classname="TestCases" name="loginTestCorrectEmailAndPassword">
    <skipped/>
  </testcase> <!-- loginTestCorrectEmailAndPassword -->
  <system-out/>
</testsuite> <!-- TestCases -->
