<?xml version="1.0" encoding="UTF-8"?>
<!-- Generated by org.testng.reporters.JUnitReportReporter -->
<testsuite hostname="DESKTOP-EER3MNQ" failures="0" tests="1" name="SetupConnection" time="0.005" errors="0" timestamp="2021-02-15T00:39:57 ART" skipped="0">
  <testcase classname="SetupConnection" name="test1" time="0.005"/>
  <system-out/>
</testsuite> <!-- SetupConnection -->
